<?xml version="1.0" encoding="UTF-8" ?>
<testsuites>
  <testsuite errors="0" failures="0" id="0" name="TestCompleteBase" package="com.opensymphony.oscache.base" tests="77" time="92.156">
  
    <properties>
[...]
</properties>

      <testcase classname="com.opensymphony.oscache.util.TestFastCronParser" name="testEvaluations" time="0.125"></testcase>

      <testcase classname="com.opensymphony.oscache.util.TestFastCronParser" name="testInvalidExpressionParsing" time="0.032"></testcase>

      <testcase classname="com.opensymphony.oscache.util.TestFastCronParser" name="testPerformance" time="68.937"></testcase>

      <testcase classname="com.opensymphony.oscache.util.TestFastCronParser" name="testValidExpressionParsing" time="0.0"></testcase>

      <testcase classname="com.opensymphony.oscache.base.TestCacheEntry" name="testFlush" time="0.0"></testcase>

      <testcase classname="com.opensymphony.oscache.base.TestCacheEntry" name="testGetCreated" time="0.0"></testcase>

      <testcase classname="com.opensymphony.oscache.base.TestCacheEntry" name="testGetKey" time="0.0"></testcase>

      <testcase classname="com.opensymphony.oscache.base.TestCacheEntry" name="testGetLastUpdate" time="0.0"></testcase>

      <testcase classname="com.opensymphony.oscache.base.TestCacheEntry" name="testNeedsRefresh" time="0.0"></testcase>

      <testcase classname="com.opensymphony.oscache.base.TestCacheEntry" name="testSetGetContent" time="0.0"></testcase>

      <testcase classname="com.opensymphony.oscache.base.TestCache" name="testFlushPattern" time="0.094"></testcase>

      <testcase classname="com.opensymphony.oscache.base.TestCache" name="testBug174CacheOverflow" time="0.078"></testcase>

      <testcase classname="com.opensymphony.oscache.base.TestCache" name="testBug174CacheOverflowAndUpdate" time="0.156"></testcase>

      <testcase classname="com.opensymphony.oscache.base.TestCache" name="testBug174CacheMissesNonBlocking" time="0.063"></testcase>

      <testcase classname="com.opensymphony.oscache.base.TestCache" name="testBug174CacheMissesBlocking" time="0.015"></testcase>

      <testcase classname="com.opensymphony.oscache.base.TestCache" name="testPutGetFromCache" time="0.016"></testcase>

      <testcase classname="com.opensymphony.oscache.base.TestCache" name="testPutGetFromCacheWithPolicy" time="0.0"></testcase>

      <testcase classname="com.opensymphony.oscache.base.TestConcurrency" name="testNewEntry" time="0.578"></testcase>

      <testcase classname="com.opensymphony.oscache.base.TestConcurrency" name="testNewEntryCancel" time="1.0"></testcase>

      <testcase classname="com.opensymphony.oscache.base.TestConcurrency" name="testPut" time="0.109"></testcase>

      <testcase classname="com.opensymphony.oscache.base.TestConcurrency" name="testStaleEntry" time="0.407"></testcase>

      <testcase classname="com.opensymphony.oscache.base.TestConcurrency" name="testStaleEntryBlocking" time="0.203"></testcase>

      <testcase classname="com.opensymphony.oscache.base.TestConcurrency" name="testConcurrentStaleGets" time="9.765"></testcase>

      <testcase classname="com.opensymphony.oscache.base.TestConcurrency2" name="testNewEntry" time="0.5"></testcase>

      <testcase classname="com.opensymphony.oscache.base.TestConcurrency2" name="testNewEntryCancel" time="1.0"></testcase>

      <testcase classname="com.opensymphony.oscache.base.TestConcurrency2" name="testPut" time="0.11"></testcase>

      <testcase classname="com.opensymphony.oscache.base.TestConcurrency2" name="testStaleEntry" time="0.406"></testcase>

      <testcase classname="com.opensymphony.oscache.base.TestConcurrency2" name="testStaleEntryBlocking" time="0.031"></testcase>

      <testcase classname="com.opensymphony.oscache.base.TestConcurrency2" name="testConcurrentStaleGets" time="8.407"></testcase>

      <testcase classname="com.opensymphony.oscache.base.algorithm.TestFIFOCache" name="testRemoveItem" time="0.0"></testcase>

      <testcase classname="com.opensymphony.oscache.base.algorithm.TestFIFOCache" name="testPut" time="0.0"></testcase>

      <testcase classname="com.opensymphony.oscache.base.algorithm.TestFIFOCache" name="testClear" time="0.0"></testcase>

      <testcase classname="com.opensymphony.oscache.base.algorithm.TestFIFOCache" name="testContainsKey" time="0.0"></testcase>

      <testcase classname="com.opensymphony.oscache.base.algorithm.TestFIFOCache" name="testGet" time="0.0"></testcase>

      <testcase classname="com.opensymphony.oscache.base.algorithm.TestFIFOCache" name="testGetSetMaxEntries" time="0.0"></testcase>

      <testcase classname="com.opensymphony.oscache.base.algorithm.TestFIFOCache" name="testIterator" time="0.0"></testcase>

      <testcase classname="com.opensymphony.oscache.base.algorithm.TestFIFOCache" name="testPutOverflow" time="0.015"></testcase>

      <testcase classname="com.opensymphony.oscache.base.algorithm.TestFIFOCache" name="testBugCache255" time="0.016"></testcase>

      <testcase classname="com.opensymphony.oscache.base.algorithm.TestFIFOCache" name="testRemove" time="0.0"></testcase>

      <testcase classname="com.opensymphony.oscache.base.algorithm.TestFIFOCache" name="testGetSetMemoryCache" time="0.0"></testcase>

      <testcase classname="com.opensymphony.oscache.base.algorithm.TestFIFOCache" name="testSetPersistenceListener" time="0.0"></testcase>

      <testcase classname="com.opensymphony.oscache.base.algorithm.TestFIFOCache" name="testGroups" time="0.0"></testcase>

      <testcase classname="com.opensymphony.oscache.base.algorithm.TestFIFOCache" name="testMisc" time="0.0"></testcase>

      <testcase classname="com.opensymphony.oscache.base.algorithm.TestLRUCache" name="testRemoveItem" time="0.0"></testcase>

      <testcase classname="com.opensymphony.oscache.base.algorithm.TestLRUCache" name="testPut" time="0.0"></testcase>

      <testcase classname="com.opensymphony.oscache.base.algorithm.TestLRUCache" name="testClear" time="0.0"></testcase>

      <testcase classname="com.opensymphony.oscache.base.algorithm.TestLRUCache" name="testContainsKey" time="0.0"></testcase>

      <testcase classname="com.opensymphony.oscache.base.algorithm.TestLRUCache" name="testGet" time="0.0"></testcase>

      <testcase classname="com.opensymphony.oscache.base.algorithm.TestLRUCache" name="testGetSetMaxEntries" time="0.0"></testcase>

      <testcase classname="com.opensymphony.oscache.base.algorithm.TestLRUCache" name="testIterator" time="0.0"></testcase>

      <testcase classname="com.opensymphony.oscache.base.algorithm.TestLRUCache" name="testPutOverflow" time="0.015"></testcase>

      <testcase classname="com.opensymphony.oscache.base.algorithm.TestLRUCache" name="testBugCache255" time="0.0"></testcase>

      <testcase classname="com.opensymphony.oscache.base.algorithm.TestLRUCache" name="testRemove" time="0.0"></testcase>

      <testcase classname="com.opensymphony.oscache.base.algorithm.TestLRUCache" name="testGetSetMemoryCache" time="0.0"></testcase>

      <testcase classname="com.opensymphony.oscache.base.algorithm.TestLRUCache" name="testSetPersistenceListener" time="0.0"></testcase>

      <testcase classname="com.opensymphony.oscache.base.algorithm.TestLRUCache" name="testGroups" time="0.0"></testcase>

      <testcase classname="com.opensymphony.oscache.base.algorithm.TestLRUCache" name="testMisc" time="0.0"></testcase>

      <testcase classname="com.opensymphony.oscache.base.algorithm.TestUnlimitedCache" name="testRemoveItem" time="0.0"></testcase>

      <testcase classname="com.opensymphony.oscache.base.algorithm.TestUnlimitedCache" name="testGetSetMaxEntries" time="0.0"></testcase>

      <testcase classname="com.opensymphony.oscache.base.algorithm.TestUnlimitedCache" name="testGroups" time="0.0"></testcase>

      <testcase classname="com.opensymphony.oscache.base.algorithm.TestUnlimitedCache" name="testPut" time="0.0"></testcase>

      <testcase classname="com.opensymphony.oscache.base.algorithm.TestUnlimitedCache" name="testClear" time="0.0"></testcase>

      <testcase classname="com.opensymphony.oscache.base.algorithm.TestUnlimitedCache" name="testContainsKey" time="0.0"></testcase>

      <testcase classname="com.opensymphony.oscache.base.algorithm.TestUnlimitedCache" name="testGet" time="0.0"></testcase>

      <testcase classname="com.opensymphony.oscache.base.algorithm.TestUnlimitedCache" name="testIterator" time="0.0"></testcase>

      <testcase classname="com.opensymphony.oscache.base.algorithm.TestUnlimitedCache" name="testPutOverflow" time="0.016"></testcase>

      <testcase classname="com.opensymphony.oscache.base.algorithm.TestUnlimitedCache" name="testBugCache255" time="0.0"></testcase>

      <testcase classname="com.opensymphony.oscache.base.algorithm.TestUnlimitedCache" name="testRemove" time="0.0"></testcase>

      <testcase classname="com.opensymphony.oscache.base.algorithm.TestUnlimitedCache" name="testGetSetMemoryCache" time="0.0"></testcase>

      <testcase classname="com.opensymphony.oscache.base.algorithm.TestUnlimitedCache" name="testSetPersistenceListener" time="0.0"></testcase>

      <testcase classname="com.opensymphony.oscache.base.algorithm.TestUnlimitedCache" name="testMisc" time="0.0"></testcase>

      <testcase classname="com.opensymphony.oscache.base.events.TestCacheEntryEvent" name="testCacheEntryEvent" time="0.0"></testcase>

      <testcase classname="com.opensymphony.oscache.base.events.TestCacheMapAccessEvent" name="testCacheMapAccessEvent" time="0.0"></testcase>

      <testcase classname="com.opensymphony.oscache.base.events.TestScopeEvent" name="testScopeEvent" time="0.0"></testcase>

      <testcase classname="com.opensymphony.oscache.base.events.TestCachewideEvent" name="testCacheEntryEvent" time="0.016"></testcase>

      <testcase classname="com.opensymphony.oscache.base.events.TestCachePatternEvent" name="testCacheEntryEvent" time="0.0"></testcase>

      <testcase classname="com.opensymphony.oscache.base.events.TestCacheGroupEvent" name="testCacheEntryEvent" time="0.015"></testcase>

      <system-out><![CDATA[Best case with parsing took 16031ms for 1000000 iterations. (0.016031ms per call)
Worst case with parsing took 31610ms for 1000000 iterations. (0.03161ms per call)
Best case without parsing took 8797ms for 1000000 iterations. (0.008797ms per call)
Worst case without parsing took 12187ms for 1000000 iterations. (0.012187ms per call)
864 490 943 643 153 438 ERROR [main] (TestConcurrency.java:364) - Thread #0 did not complete within [5] s 
 WARN [main] (UnlimitedCache.java:40) - Cache max entries can't be set in com.opensymphony.oscache.base.algorithm.UnlimitedCache, ignoring value 2147483645.
 WARN [main] (UnlimitedCache.java:40) - Cache max entries can't be set in com.opensymphony.oscache.base.algorithm.UnlimitedCache, ignoring value 3.
]]></system-out>

      <system-err><![CDATA[junit.framework.AssertionFailedError: Thread should have blocked until a new cache entry was ready
	at junit.framework.Assert.fail(Assert.java:47)
	at com.opensymphony.oscache.base.TestConcurrency$GetEntry.run(TestConcurrency.java:406)
	at java.lang.Thread.run(Thread.java:534)
java.lang.IllegalStateException: Owning runner never defined.  The runnables should only be started through the MultiThreadedTestRunner instance.
	at net.sourceforge.groboutils.junit.v1.TestRunnable.run(TestRunnable.java:146)
	at java.lang.Thread.run(Thread.java:534)
java.lang.IllegalStateException: Owning runner never defined.  The runnables should only be started through the MultiThreadedTestRunner instance.
	at net.sourceforge.groboutils.junit.v1.TestRunnable.run(TestRunnable.java:146)
	at java.lang.Thread.run(Thread.java:534)
java.lang.IllegalStateException: Owning runner never defined.  The runnables should only be started through the MultiThreadedTestRunner instance.
	at net.sourceforge.groboutils.junit.v1.TestRunnable.run(TestRunnable.java:146)
	at java.lang.Thread.run(Thread.java:534)
java.lang.IllegalStateException: Owning runner never defined.  The runnables should only be started through the MultiThreadedTestRunner instance.
	at net.sourceforge.groboutils.junit.v1.TestRunnable.run(TestRunnable.java:146)
	at java.lang.Thread.run(Thread.java:534)
java.lang.IllegalStateException: Owning runner never defined.  The runnables should only be started through the MultiThreadedTestRunner instance.
	at net.sourceforge.groboutils.junit.v1.TestRunnable.run(TestRunnable.java:146)
	at java.lang.Thread.run(Thread.java:534)
java.lang.IllegalStateException: Owning runner never defined.  The runnables should only be started through the MultiThreadedTestRunner instance.
	at net.sourceforge.groboutils.junit.v1.TestRunnable.run(TestRunnable.java:146)
	at java.lang.Thread.run(Thread.java:534)
java.lang.IllegalStateException: Owning runner never defined.  The runnables should only be started through the MultiThreadedTestRunner instance.
	at net.sourceforge.groboutils.junit.v1.TestRunnable.run(TestRunnable.java:146)
	at java.lang.Thread.run(Thread.java:534)
]]></system-err>

  </testsuite>
  <testsuite errors="0" failures="0" id="1" name="TestCompleteAlgorithm" package="com.opensymphony.oscache.base.algorithm" tests="42" time="0.36">
  
    <properties>
[...]
</properties>

      <testcase classname="com.opensymphony.oscache.base.algorithm.TestFIFOCache" name="testRemoveItem" time="0.218"></testcase>

      <testcase classname="com.opensymphony.oscache.base.algorithm.TestFIFOCache" name="testClear" time="0.0"></testcase>

      <testcase classname="com.opensymphony.oscache.base.algorithm.TestFIFOCache" name="testContainsKey" time="0.0"></testcase>

      <testcase classname="com.opensymphony.oscache.base.algorithm.TestFIFOCache" name="testGet" time="0.0"></testcase>

      <testcase classname="com.opensymphony.oscache.base.algorithm.TestFIFOCache" name="testGetSetMaxEntries" time="0.0"></testcase>

      <testcase classname="com.opensymphony.oscache.base.algorithm.TestFIFOCache" name="testIterator" time="0.016"></testcase>

      <testcase classname="com.opensymphony.oscache.base.algorithm.TestFIFOCache" name="testPut" time="0.0"></testcase>

      <testcase classname="com.opensymphony.oscache.base.algorithm.TestFIFOCache" name="testPutOverflow" time="0.031"></testcase>

      <testcase classname="com.opensymphony.oscache.base.algorithm.TestFIFOCache" name="testBugCache255" time="0.016"></testcase>

      <testcase classname="com.opensymphony.oscache.base.algorithm.TestFIFOCache" name="testRemove" time="0.0"></testcase>

      <testcase classname="com.opensymphony.oscache.base.algorithm.TestFIFOCache" name="testGetSetMemoryCache" time="0.0"></testcase>

      <testcase classname="com.opensymphony.oscache.base.algorithm.TestFIFOCache" name="testSetPersistenceListener" time="0.0"></testcase>

      <testcase classname="com.opensymphony.oscache.base.algorithm.TestFIFOCache" name="testGroups" time="0.0"></testcase>

      <testcase classname="com.opensymphony.oscache.base.algorithm.TestFIFOCache" name="testMisc" time="0.0"></testcase>

      <testcase classname="com.opensymphony.oscache.base.algorithm.TestLRUCache" name="testRemoveItem" time="0.016"></testcase>

      <testcase classname="com.opensymphony.oscache.base.algorithm.TestLRUCache" name="testClear" time="0.0"></testcase>

      <testcase classname="com.opensymphony.oscache.base.algorithm.TestLRUCache" name="testContainsKey" time="0.0"></testcase>

      <testcase classname="com.opensymphony.oscache.base.algorithm.TestLRUCache" name="testGet" time="0.0"></testcase>

      <testcase classname="com.opensymphony.oscache.base.algorithm.TestLRUCache" name="testGetSetMaxEntries" time="0.0"></testcase>

      <testcase classname="com.opensymphony.oscache.base.algorithm.TestLRUCache" name="testIterator" time="0.0"></testcase>

      <testcase classname="com.opensymphony.oscache.base.algorithm.TestLRUCache" name="testPut" time="0.0"></testcase>

      <testcase classname="com.opensymphony.oscache.base.algorithm.TestLRUCache" name="testPutOverflow" time="0.0"></testcase>

      <testcase classname="com.opensymphony.oscache.base.algorithm.TestLRUCache" name="testBugCache255" time="0.015"></testcase>

      <testcase classname="com.opensymphony.oscache.base.algorithm.TestLRUCache" name="testRemove" time="0.0"></testcase>

      <testcase classname="com.opensymphony.oscache.base.algorithm.TestLRUCache" name="testGetSetMemoryCache" time="0.0"></testcase>

      <testcase classname="com.opensymphony.oscache.base.algorithm.TestLRUCache" name="testSetPersistenceListener" time="0.0"></testcase>

      <testcase classname="com.opensymphony.oscache.base.algorithm.TestLRUCache" name="testGroups" time="0.0"></testcase>

      <testcase classname="com.opensymphony.oscache.base.algorithm.TestLRUCache" name="testMisc" time="0.0"></testcase>

      <testcase classname="com.opensymphony.oscache.base.algorithm.TestUnlimitedCache" name="testRemoveItem" time="0.0"></testcase>

      <testcase classname="com.opensymphony.oscache.base.algorithm.TestUnlimitedCache" name="testGetSetMaxEntries" time="0.0"></testcase>

      <testcase classname="com.opensymphony.oscache.base.algorithm.TestUnlimitedCache" name="testGroups" time="0.0"></testcase>

      <testcase classname="com.opensymphony.oscache.base.algorithm.TestUnlimitedCache" name="testClear" time="0.0"></testcase>

      <testcase classname="com.opensymphony.oscache.base.algorithm.TestUnlimitedCache" name="testContainsKey" time="0.0"></testcase>

      <testcase classname="com.opensymphony.oscache.base.algorithm.TestUnlimitedCache" name="testGet" time="0.0"></testcase>

      <testcase classname="com.opensymphony.oscache.base.algorithm.TestUnlimitedCache" name="testIterator" time="0.0"></testcase>

      <testcase classname="com.opensymphony.oscache.base.algorithm.TestUnlimitedCache" name="testPut" time="0.0"></testcase>

      <testcase classname="com.opensymphony.oscache.base.algorithm.TestUnlimitedCache" name="testPutOverflow" time="0.016"></testcase>

      <testcase classname="com.opensymphony.oscache.base.algorithm.TestUnlimitedCache" name="testBugCache255" time="0.0"></testcase>

      <testcase classname="com.opensymphony.oscache.base.algorithm.TestUnlimitedCache" name="testRemove" time="0.0"></testcase>

      <testcase classname="com.opensymphony.oscache.base.algorithm.TestUnlimitedCache" name="testGetSetMemoryCache" time="0.0"></testcase>

      <testcase classname="com.opensymphony.oscache.base.algorithm.TestUnlimitedCache" name="testSetPersistenceListener" time="0.0"></testcase>

      <testcase classname="com.opensymphony.oscache.base.algorithm.TestUnlimitedCache" name="testMisc" time="0.0"></testcase>

      <system-out><![CDATA[ WARN [main] (UnlimitedCache.java:40) - Cache max entries can't be set in com.opensymphony.oscache.base.algorithm.UnlimitedCache, ignoring value 2147483645.
 WARN [main] (UnlimitedCache.java:40) - Cache max entries can't be set in com.opensymphony.oscache.base.algorithm.UnlimitedCache, ignoring value 3.
]]></system-out>

      <system-err></system-err>

  </testsuite>
  <testsuite errors="0" failures="0" id="2" name="TestCompleteEvents" package="com.opensymphony.oscache.base.events" tests="6" time="0.359">
  
    <properties>
[...]
</properties>

      <testcase classname="com.opensymphony.oscache.base.events.TestCacheEntryEvent" name="testCacheEntryEvent" time="0.281"></testcase>

      <testcase classname="com.opensymphony.oscache.base.events.TestCacheMapAccessEvent" name="testCacheMapAccessEvent" time="0.0"></testcase>

      <testcase classname="com.opensymphony.oscache.base.events.TestScopeEvent" name="testScopeEvent" time="0.016"></testcase>

      <testcase classname="com.opensymphony.oscache.base.events.TestCachewideEvent" name="testCacheEntryEvent" time="0.016"></testcase>

      <testcase classname="com.opensymphony.oscache.base.events.TestCachePatternEvent" name="testCacheEntryEvent" time="0.0"></testcase>

      <testcase classname="com.opensymphony.oscache.base.events.TestCacheGroupEvent" name="testCacheEntryEvent" time="0.015"></testcase>

      <system-out></system-out>

      <system-err></system-err>

  </testsuite>
  <testsuite errors="0" failures="0" id="3" name="TestCompleteExtra" package="com.opensymphony.oscache.extra" tests="4" time="0.437">
  
    <properties>
[...]
</properties>

      <testcase classname="com.opensymphony.oscache.extra.TestCacheEntryEventListenerImpl" name="testCacheEntryEventListenerImpl" time="0.328"></testcase>

      <testcase classname="com.opensymphony.oscache.extra.TestCacheMapAccessEventListenerImpl" name="testCacheMapAccessEventListenerImpl" time="0.016"></testcase>

      <testcase classname="com.opensymphony.oscache.extra.TestScopeEventListenerImpl" name="testScopeEventListenerImpl" time="0.015"></testcase>

      <testcase classname="com.opensymphony.oscache.extra.TestStatisticListenerImpl" name="testCacheEntryEventListenerImpl" time="0.032"></testcase>

      <system-out></system-out>

      <system-err></system-err>

  </testsuite>
  <testsuite errors="0" failures="0" id="4" name="TestCompleteGeneral" package="com.opensymphony.oscache.general" tests="16" time="1.578">
  
    <properties>
[...]
</properties>

      <testcase classname="com.opensymphony.oscache.general.TestGeneralCacheAdministrator" name="testCacheEntryEventListenerCounters" time="0.297"></testcase>

      <testcase classname="com.opensymphony.oscache.general.TestGeneralCacheAdministrator" name="testCacheMapAccessEventListenerCounters" time="0.094"></testcase>

      <testcase classname="com.opensymphony.oscache.general.TestGeneralCacheAdministrator" name="testFlushPattern" time="0.0"></testcase>

      <testcase classname="com.opensymphony.oscache.general.TestGeneralCacheAdministrator" name="testFlushEntry" time="0.015"></testcase>

      <testcase classname="com.opensymphony.oscache.general.TestGeneralCacheAdministrator" name="testFlushAll" time="0.0"></testcase>

      <testcase classname="com.opensymphony.oscache.general.TestGeneralCacheAdministrator" name="testGroups" time="0.063"></testcase>

      <testcase classname="com.opensymphony.oscache.general.TestGeneralCacheAdministrator" name="testPutInCacheAndGetFromCache" time="0.0"></testcase>

      <testcase classname="com.opensymphony.oscache.general.TestGeneralCacheAdministrator" name="testPutInCacheAndGetFromCacheWithPolicy" time="0.015"></testcase>

      <testcase classname="com.opensymphony.oscache.general.TestGeneralCacheAdministrator" name="testFlushDateTomorrow" time="0.0"></testcase>

      <testcase classname="com.opensymphony.oscache.general.TestGeneralCacheAdministrator" name="testCacheContents" time="0.0"></testcase>

      <testcase classname="com.opensymphony.oscache.general.TestGeneralCacheAdministrator" name="testGetCachePath" time="0.0"></testcase>

      <testcase classname="com.opensymphony.oscache.general.TestGeneralCacheAdministrator" name="testGetProperty" time="0.016"></testcase>

      <testcase classname="com.opensymphony.oscache.general.TestGeneralCacheAdministrator" name="testIsFileCaching" time="0.0"></testcase>

      <testcase classname="com.opensymphony.oscache.general.TestGeneralCacheAdministrator" name="testIsMemoryCaching" time="0.0"></testcase>

      <testcase classname="com.opensymphony.oscache.general.TestGeneralCacheAdministrator" name="testLog" time="0.0"></testcase>

      <testcase classname="com.opensymphony.oscache.general.TestConcurrent" name="testConcurrentCreation10000" time="1.062"></testcase>

      <system-out></system-out>

      <system-err></system-err>

  </testsuite>
  <testsuite errors="0" failures="0" id="5" name="TestCompleteDiskPersistence" package="com.opensymphony.oscache.plugins.diskpersistence" tests="12" time="0.453">
  
    <properties>
[...]
</properties>

      <testcase classname="com.opensymphony.oscache.plugins.diskpersistence.TestDiskPersistenceListener" name="testClear" time="0.265"></testcase>

      <testcase classname="com.opensymphony.oscache.plugins.diskpersistence.TestDiskPersistenceListener" name="testIsStored" time="0.016"></testcase>

      <testcase classname="com.opensymphony.oscache.plugins.diskpersistence.TestDiskPersistenceListener" name="testRemove" time="0.0"></testcase>

      <testcase classname="com.opensymphony.oscache.plugins.diskpersistence.TestDiskPersistenceListener" name="testCachePersistenceException" time="0.016"></testcase>

      <testcase classname="com.opensymphony.oscache.plugins.diskpersistence.TestDiskPersistenceListener" name="testStoreRetrieve" time="0.0"></testcase>

      <testcase classname="com.opensymphony.oscache.plugins.diskpersistence.TestDiskPersistenceListener" name="testStoreRetrieveGroups" time="0.015"></testcase>

      <testcase classname="com.opensymphony.oscache.plugins.diskpersistence.TestHashDiskPersistenceListener" name="testClear" time="0.032"></testcase>

      <testcase classname="com.opensymphony.oscache.plugins.diskpersistence.TestHashDiskPersistenceListener" name="testIsStored" time="0.015"></testcase>

      <testcase classname="com.opensymphony.oscache.plugins.diskpersistence.TestHashDiskPersistenceListener" name="testRemove" time="0.016"></testcase>

      <testcase classname="com.opensymphony.oscache.plugins.diskpersistence.TestHashDiskPersistenceListener" name="testStoreRetrieve" time="0.015"></testcase>

      <testcase classname="com.opensymphony.oscache.plugins.diskpersistence.TestHashDiskPersistenceListener" name="testStoreRetrieveGroups" time="0.032"></testcase>

      <testcase classname="com.opensymphony.oscache.plugins.diskpersistence.TestHashDiskPersistenceListener" name="testByteArrayToHexString" time="0.0"></testcase>

      <system-out></system-out>

      <system-err></system-err>

  </testsuite>
</testsuites>
