<?xml version="1.0" encoding="UTF-8" ?>
<testsuite name="com.opensymphony.oscache.general.TestCompleteGeneral" tests="16" failures="0" errors="0" time="1.578">
  <properties>
[...]
</properties>
  <testcase name="testCacheEntryEventListenerCounters" classname="com.opensymphony.oscache.general.TestGeneralCacheAdministrator" time="0.297"></testcase>
  <testcase name="testCacheMapAccessEventListenerCounters" classname="com.opensymphony.oscache.general.TestGeneralCacheAdministrator" time="0.094"></testcase>
  <testcase name="testFlushPattern" classname="com.opensymphony.oscache.general.TestGeneralCacheAdministrator" time="0.0"></testcase>
  <testcase name="testFlushEntry" classname="com.opensymphony.oscache.general.TestGeneralCacheAdministrator" time="0.015"></testcase>
  <testcase name="testFlushAll" classname="com.opensymphony.oscache.general.TestGeneralCacheAdministrator" time="0.0"></testcase>
  <testcase name="testGroups" classname="com.opensymphony.oscache.general.TestGeneralCacheAdministrator" time="0.063"></testcase>
  <testcase name="testPutInCacheAndGetFromCache" classname="com.opensymphony.oscache.general.TestGeneralCacheAdministrator" time="0.0"></testcase>
  <testcase name="testPutInCacheAndGetFromCacheWithPolicy" classname="com.opensymphony.oscache.general.TestGeneralCacheAdministrator" time="0.015"></testcase>
  <testcase name="testFlushDateTomorrow" classname="com.opensymphony.oscache.general.TestGeneralCacheAdministrator" time="0.0"></testcase>
  <testcase name="testCacheContents" classname="com.opensymphony.oscache.general.TestGeneralCacheAdministrator" time="0.0"></testcase>
  <testcase name="testGetCachePath" classname="com.opensymphony.oscache.general.TestGeneralCacheAdministrator" time="0.0"></testcase>
  <testcase name="testGetProperty" classname="com.opensymphony.oscache.general.TestGeneralCacheAdministrator" time="0.016"></testcase>
  <testcase name="testIsFileCaching" classname="com.opensymphony.oscache.general.TestGeneralCacheAdministrator" time="0.0"></testcase>
  <testcase name="testIsMemoryCaching" classname="com.opensymphony.oscache.general.TestGeneralCacheAdministrator" time="0.0"></testcase>
  <testcase name="testLog" classname="com.opensymphony.oscache.general.TestGeneralCacheAdministrator" time="0.0"></testcase>
  <testcase name="testConcurrentCreation10000" classname="com.opensymphony.oscache.general.TestConcurrent" time="1.062"></testcase>
  <system-out><![CDATA[]]></system-out>
  <system-err><![CDATA[]]></system-err>
</testsuite>
